LED: 22 should be 1
Starting pi powered cam
Data path - .
Camera Button - started controller
Player Button - started controller
start the button control
PiGoSemiPro Ready
start the button control
User Cancelled (Ctrl C)
Stopping pi powered cam
button pressed
button released
Camera Button - Stopped controller
button pressed
button released
Player Button - Stopped controller
Stopped
LED: 22 should be 1
Starting pi powered cam
Data path - .
Camera Button - started controller
Player Button - started controller
start the button control
PiGoSemiPro Ready
start the button control
User Cancelled (Ctrl C)
Stopping pi powered cam
button pressed
button released
Camera Button - Stopped controller
button pressed
button released
Player Button - Stopped controller
Stopped
